C:\Program Files (x86)\Microsoft Visual Studio\2017\Community\Common7\IDE\VC\VCTargets\Microsoft.CppBuild.targets(391,5): warning MSB8028: The intermediate directory (Debug\) contains files shared from another project (Personal - Collision.vcxproj).  This can lead to incorrect clean and rebuild behavior.
  BallObject.cpp
  DirectionalLight.cpp
d:\users\cjmcm\working files\github\collision project\cs7gv6_opengl_collision\collision\collision\directionallight.cpp(18): warning C4244: 'argument': conversion from 'GLfloat' to 'GLint', possible loss of data
d:\users\cjmcm\working files\github\collision project\cs7gv6_opengl_collision\collision\collision\directionallight.cpp(19): warning C4244: 'argument': conversion from 'GLfloat' to 'GLint', possible loss of data
d:\users\cjmcm\working files\github\collision project\cs7gv6_opengl_collision\collision\collision\directionallight.cpp(21): warning C4244: 'argument': conversion from 'GLfloat' to 'GLint', possible loss of data
d:\users\cjmcm\working files\github\collision project\cs7gv6_opengl_collision\collision\collision\directionallight.cpp(22): warning C4244: 'argument': conversion from 'GLfloat' to 'GLint', possible loss of data
  Light.cpp
  main.cpp
d:\users\cjmcm\working files\github\collision project\cs7gv6_opengl_collision\collision\collision\main.cpp(267): warning C4018: '<': signed/unsigned mismatch
d:\users\cjmcm\working files\github\collision project\cs7gv6_opengl_collision\collision\collision\main.cpp(269): warning C4018: '<': signed/unsigned mismatch
d:\users\cjmcm\working files\github\collision project\cs7gv6_opengl_collision\collision\collision\main.cpp(324): warning C4244: 'initializing': conversion from 'double' to 'GLfloat', possible loss of data
d:\users\cjmcm\working files\github\collision project\cs7gv6_opengl_collision\collision\collision\main.cpp(400): warning C4018: '<': signed/unsigned mismatch
  Mesh.cpp
  Model.cpp
d:\users\cjmcm\working files\github\collision project\cs7gv6_opengl_collision\collision\collision\model.cpp(29): warning C4477: 'printf' : format string '%s' requires an argument of type 'char *', but variadic argument 1 has type 'const std::string'
d:\users\cjmcm\working files\github\collision project\cs7gv6_opengl_collision\collision\collision\model.cpp(108): warning C4477: 'printf' : format string '%s' requires an argument of type 'char *', but variadic argument 1 has type 'std::string'
  Shader.cpp
d:\users\cjmcm\working files\github\collision project\cs7gv6_opengl_collision\collision\collision\shader.cpp(144): warning C4244: 'argument': conversion from 'GLuint' to 'GLfloat', possible loss of data
d:\users\cjmcm\working files\github\collision project\cs7gv6_opengl_collision\collision\collision\shader.cpp(143): warning C4244: 'argument': conversion from 'GLuint' to 'GLfloat', possible loss of data
  Texture.cpp
  Window.cpp
d:\users\cjmcm\working files\github\collision project\cs7gv6_opengl_collision\collision\collision\window.cpp(136): warning C4244: '=': conversion from 'double' to 'GLfloat', possible loss of data
d:\users\cjmcm\working files\github\collision project\cs7gv6_opengl_collision\collision\collision\window.cpp(137): warning C4244: '=': conversion from 'double' to 'GLfloat', possible loss of data
d:\users\cjmcm\working files\github\collision project\cs7gv6_opengl_collision\collision\collision\window.cpp(141): warning C4244: '=': conversion from 'double' to 'GLfloat', possible loss of data
d:\users\cjmcm\working files\github\collision project\cs7gv6_opengl_collision\collision\collision\window.cpp(142): warning C4244: '=': conversion from 'double' to 'GLfloat', possible loss of data
d:\users\cjmcm\working files\github\collision project\cs7gv6_opengl_collision\collision\collision\window.cpp(144): warning C4244: '=': conversion from 'double' to 'GLfloat', possible loss of data
d:\users\cjmcm\working files\github\collision project\cs7gv6_opengl_collision\collision\collision\window.cpp(145): warning C4244: '=': conversion from 'double' to 'GLfloat', possible loss of data
  Generating Code...
d:\users\cjmcm\working files\github\collision project\cs7gv6_opengl_collision\collision\collision\window.cpp(81): warning C4715: 'Window::Initialise': not all control paths return a value
LINK : warning LNK4098: defaultlib 'MSVCRT' conflicts with use of other libs; use /NODEFAULTLIB:library
  collision.vcxproj -> D:\Users\Cjmcm\Working Files\GitHub\Collision Project\CS7GV6_OpenGL_Collision\collision\Debug\collision.exe
